<?xml version="1.0" encoding="UTF-8"?>
<testsuite name="com.mygrdaleframework.tests.LibraryTest" tests="3" skipped="0" failures="3" errors="0" timestamp="2017-10-13T00:48:35" hostname="Karimuddins-MacBook-Air.local" time="0.023">
  <properties/>
  <testcase name="aTest" classname="com.mygrdaleframework.tests.LibraryTest" time="0.005">
    <failure message="java.lang.AssertionError: *You are required to specify&#9;ENVIORNMENT in which this app runs" type="java.lang.AssertionError">java.lang.AssertionError: *You are required to specify	ENVIORNMENT in which this app runs
	at com.acc.test.rap.RAP.log_assert(RAP.java:103)
	at com.acc.test.rap.RAP.setup_env(RAP.java:151)
	at com.acc.test.rap.RAP.setup(RAP.java:325)
	at com.acc.test.rap.RAP.init(RAP.java:125)
	at com.acc.test.rap.RAP.&lt;init&gt;(RAP.java:55)
	at com.mygrdaleframework.tests.LibraryTest.&lt;init&gt;(LibraryTest.java:16)
	at sun.reflect.NativeConstructorAccessorImpl.newInstance0(Native Method)
	at sun.reflect.NativeConstructorAccessorImpl.newInstance(NativeConstructorAccessorImpl.java:62)
	at sun.reflect.DelegatingConstructorAccessorImpl.newInstance(DelegatingConstructorAccessorImpl.java:45)
	at java.lang.reflect.Constructor.newInstance(Constructor.java:423)
	at org.junit.runners.BlockJUnit4ClassRunner.createTest(BlockJUnit4ClassRunner.java:217)
	at org.junit.runners.BlockJUnit4ClassRunner$1.runReflectiveCall(BlockJUnit4ClassRunner.java:266)
	at org.junit.internal.runners.model.ReflectiveCallable.run(ReflectiveCallable.java:12)
	at org.junit.runners.BlockJUnit4ClassRunner.methodBlock(BlockJUnit4ClassRunner.java:263)
	at org.junit.runners.BlockJUnit4ClassRunner.runChild(BlockJUnit4ClassRunner.java:78)
	at org.junit.runners.BlockJUnit4ClassRunner.runChild(BlockJUnit4ClassRunner.java:57)
	at org.junit.runners.ParentRunner$3.run(ParentRunner.java:290)
	at org.junit.runners.ParentRunner$1.schedule(ParentRunner.java:71)
	at org.junit.runners.ParentRunner.runChildren(ParentRunner.java:288)
	at org.junit.runners.ParentRunner.access$000(ParentRunner.java:58)
	at org.junit.runners.ParentRunner$2.evaluate(ParentRunner.java:268)
	at org.junit.internal.runners.statements.RunBefores.evaluate(RunBefores.java:26)
	at org.junit.internal.runners.statements.RunAfters.evaluate(RunAfters.java:27)
	at org.junit.runners.ParentRunner.run(ParentRunner.java:363)
	at org.gradle.api.internal.tasks.testing.junit.JUnitTestClassExecuter.runTestClass(JUnitTestClassExecuter.java:114)
	at org.gradle.api.internal.tasks.testing.junit.JUnitTestClassExecuter.execute(JUnitTestClassExecuter.java:57)
	at org.gradle.api.internal.tasks.testing.junit.JUnitTestClassProcessor.processTestClass(JUnitTestClassProcessor.java:66)
	at org.gradle.api.internal.tasks.testing.SuiteTestClassProcessor.processTestClass(SuiteTestClassProcessor.java:51)
	at sun.reflect.NativeMethodAccessorImpl.invoke0(Native Method)
	at sun.reflect.NativeMethodAccessorImpl.invoke(NativeMethodAccessorImpl.java:62)
	at sun.reflect.DelegatingMethodAccessorImpl.invoke(DelegatingMethodAccessorImpl.java:43)
	at java.lang.reflect.Method.invoke(Method.java:498)
	at org.gradle.internal.dispatch.ReflectionDispatch.dispatch(ReflectionDispatch.java:35)
	at org.gradle.internal.dispatch.ReflectionDispatch.dispatch(ReflectionDispatch.java:24)
	at org.gradle.internal.dispatch.ContextClassLoaderDispatch.dispatch(ContextClassLoaderDispatch.java:32)
	at org.gradle.internal.dispatch.ProxyDispatchAdapter$DispatchingInvocationHandler.invoke(ProxyDispatchAdapter.java:93)
	at com.sun.proxy.$Proxy1.processTestClass(Unknown Source)
	at org.gradle.api.internal.tasks.testing.worker.TestWorker.processTestClass(TestWorker.java:108)
	at sun.reflect.NativeMethodAccessorImpl.invoke0(Native Method)
	at sun.reflect.NativeMethodAccessorImpl.invoke(NativeMethodAccessorImpl.java:62)
	at sun.reflect.DelegatingMethodAccessorImpl.invoke(DelegatingMethodAccessorImpl.java:43)
	at java.lang.reflect.Method.invoke(Method.java:498)
	at org.gradle.internal.dispatch.ReflectionDispatch.dispatch(ReflectionDispatch.java:35)
	at org.gradle.internal.dispatch.ReflectionDispatch.dispatch(ReflectionDispatch.java:24)
	at org.gradle.internal.remote.internal.hub.MessageHubBackedObjectConnection$DispatchWrapper.dispatch(MessageHubBackedObjectConnection.java:146)
	at org.gradle.internal.remote.internal.hub.MessageHubBackedObjectConnection$DispatchWrapper.dispatch(MessageHubBackedObjectConnection.java:128)
	at org.gradle.internal.remote.internal.hub.MessageHub$Handler.run(MessageHub.java:404)
	at org.gradle.internal.concurrent.ExecutorPolicy$CatchAndRecordFailures.onExecute(ExecutorPolicy.java:63)
	at org.gradle.internal.concurrent.ManagedExecutorImpl$1.run(ManagedExecutorImpl.java:46)
	at java.util.concurrent.ThreadPoolExecutor.runWorker(ThreadPoolExecutor.java:1142)
	at java.util.concurrent.ThreadPoolExecutor$Worker.run(ThreadPoolExecutor.java:617)
	at org.gradle.internal.concurrent.ThreadFactoryImpl$ManagedThreadRunnable.run(ThreadFactoryImpl.java:55)
	at java.lang.Thread.run(Thread.java:745)
</failure>
  </testcase>
  <testcase name="bTest" classname="com.mygrdaleframework.tests.LibraryTest" time="0.0">
    <failure message="java.lang.AssertionError: *You are required to specify&#9;ENVIORNMENT in which this app runs" type="java.lang.AssertionError">java.lang.AssertionError: *You are required to specify	ENVIORNMENT in which this app runs
	at com.acc.test.rap.RAP.log_assert(RAP.java:103)
	at com.acc.test.rap.RAP.setup_env(RAP.java:151)
	at com.acc.test.rap.RAP.setup(RAP.java:325)
	at com.acc.test.rap.RAP.init(RAP.java:125)
	at com.acc.test.rap.RAP.&lt;init&gt;(RAP.java:55)
	at com.mygrdaleframework.tests.LibraryTest.&lt;init&gt;(LibraryTest.java:16)
	at sun.reflect.NativeConstructorAccessorImpl.newInstance0(Native Method)
	at sun.reflect.NativeConstructorAccessorImpl.newInstance(NativeConstructorAccessorImpl.java:62)
	at sun.reflect.DelegatingConstructorAccessorImpl.newInstance(DelegatingConstructorAccessorImpl.java:45)
	at java.lang.reflect.Constructor.newInstance(Constructor.java:423)
	at org.junit.runners.BlockJUnit4ClassRunner.createTest(BlockJUnit4ClassRunner.java:217)
	at org.junit.runners.BlockJUnit4ClassRunner$1.runReflectiveCall(BlockJUnit4ClassRunner.java:266)
	at org.junit.internal.runners.model.ReflectiveCallable.run(ReflectiveCallable.java:12)
	at org.junit.runners.BlockJUnit4ClassRunner.methodBlock(BlockJUnit4ClassRunner.java:263)
	at org.junit.runners.BlockJUnit4ClassRunner.runChild(BlockJUnit4ClassRunner.java:78)
	at org.junit.runners.BlockJUnit4ClassRunner.runChild(BlockJUnit4ClassRunner.java:57)
	at org.junit.runners.ParentRunner$3.run(ParentRunner.java:290)
	at org.junit.runners.ParentRunner$1.schedule(ParentRunner.java:71)
	at org.junit.runners.ParentRunner.runChildren(ParentRunner.java:288)
	at org.junit.runners.ParentRunner.access$000(ParentRunner.java:58)
	at org.junit.runners.ParentRunner$2.evaluate(ParentRunner.java:268)
	at org.junit.internal.runners.statements.RunBefores.evaluate(RunBefores.java:26)
	at org.junit.internal.runners.statements.RunAfters.evaluate(RunAfters.java:27)
	at org.junit.runners.ParentRunner.run(ParentRunner.java:363)
	at org.gradle.api.internal.tasks.testing.junit.JUnitTestClassExecuter.runTestClass(JUnitTestClassExecuter.java:114)
	at org.gradle.api.internal.tasks.testing.junit.JUnitTestClassExecuter.execute(JUnitTestClassExecuter.java:57)
	at org.gradle.api.internal.tasks.testing.junit.JUnitTestClassProcessor.processTestClass(JUnitTestClassProcessor.java:66)
	at org.gradle.api.internal.tasks.testing.SuiteTestClassProcessor.processTestClass(SuiteTestClassProcessor.java:51)
	at sun.reflect.NativeMethodAccessorImpl.invoke0(Native Method)
	at sun.reflect.NativeMethodAccessorImpl.invoke(NativeMethodAccessorImpl.java:62)
	at sun.reflect.DelegatingMethodAccessorImpl.invoke(DelegatingMethodAccessorImpl.java:43)
	at java.lang.reflect.Method.invoke(Method.java:498)
	at org.gradle.internal.dispatch.ReflectionDispatch.dispatch(ReflectionDispatch.java:35)
	at org.gradle.internal.dispatch.ReflectionDispatch.dispatch(ReflectionDispatch.java:24)
	at org.gradle.internal.dispatch.ContextClassLoaderDispatch.dispatch(ContextClassLoaderDispatch.java:32)
	at org.gradle.internal.dispatch.ProxyDispatchAdapter$DispatchingInvocationHandler.invoke(ProxyDispatchAdapter.java:93)
	at com.sun.proxy.$Proxy1.processTestClass(Unknown Source)
	at org.gradle.api.internal.tasks.testing.worker.TestWorker.processTestClass(TestWorker.java:108)
	at sun.reflect.NativeMethodAccessorImpl.invoke0(Native Method)
	at sun.reflect.NativeMethodAccessorImpl.invoke(NativeMethodAccessorImpl.java:62)
	at sun.reflect.DelegatingMethodAccessorImpl.invoke(DelegatingMethodAccessorImpl.java:43)
	at java.lang.reflect.Method.invoke(Method.java:498)
	at org.gradle.internal.dispatch.ReflectionDispatch.dispatch(ReflectionDispatch.java:35)
	at org.gradle.internal.dispatch.ReflectionDispatch.dispatch(ReflectionDispatch.java:24)
	at org.gradle.internal.remote.internal.hub.MessageHubBackedObjectConnection$DispatchWrapper.dispatch(MessageHubBackedObjectConnection.java:146)
	at org.gradle.internal.remote.internal.hub.MessageHubBackedObjectConnection$DispatchWrapper.dispatch(MessageHubBackedObjectConnection.java:128)
	at org.gradle.internal.remote.internal.hub.MessageHub$Handler.run(MessageHub.java:404)
	at org.gradle.internal.concurrent.ExecutorPolicy$CatchAndRecordFailures.onExecute(ExecutorPolicy.java:63)
	at org.gradle.internal.concurrent.ManagedExecutorImpl$1.run(ManagedExecutorImpl.java:46)
	at java.util.concurrent.ThreadPoolExecutor.runWorker(ThreadPoolExecutor.java:1142)
	at java.util.concurrent.ThreadPoolExecutor$Worker.run(ThreadPoolExecutor.java:617)
	at org.gradle.internal.concurrent.ThreadFactoryImpl$ManagedThreadRunnable.run(ThreadFactoryImpl.java:55)
	at java.lang.Thread.run(Thread.java:745)
</failure>
  </testcase>
  <testcase name="fTest" classname="com.mygrdaleframework.tests.LibraryTest" time="0.0">
    <failure message="java.lang.AssertionError: *You are required to specify&#9;ENVIORNMENT in which this app runs" type="java.lang.AssertionError">java.lang.AssertionError: *You are required to specify	ENVIORNMENT in which this app runs
	at com.acc.test.rap.RAP.log_assert(RAP.java:103)
	at com.acc.test.rap.RAP.setup_env(RAP.java:151)
	at com.acc.test.rap.RAP.setup(RAP.java:325)
	at com.acc.test.rap.RAP.init(RAP.java:125)
	at com.acc.test.rap.RAP.&lt;init&gt;(RAP.java:55)
	at com.mygrdaleframework.tests.LibraryTest.&lt;init&gt;(LibraryTest.java:16)
	at sun.reflect.NativeConstructorAccessorImpl.newInstance0(Native Method)
	at sun.reflect.NativeConstructorAccessorImpl.newInstance(NativeConstructorAccessorImpl.java:62)
	at sun.reflect.DelegatingConstructorAccessorImpl.newInstance(DelegatingConstructorAccessorImpl.java:45)
	at java.lang.reflect.Constructor.newInstance(Constructor.java:423)
	at org.junit.runners.BlockJUnit4ClassRunner.createTest(BlockJUnit4ClassRunner.java:217)
	at org.junit.runners.BlockJUnit4ClassRunner$1.runReflectiveCall(BlockJUnit4ClassRunner.java:266)
	at org.junit.internal.runners.model.ReflectiveCallable.run(ReflectiveCallable.java:12)
	at org.junit.runners.BlockJUnit4ClassRunner.methodBlock(BlockJUnit4ClassRunner.java:263)
	at org.junit.runners.BlockJUnit4ClassRunner.runChild(BlockJUnit4ClassRunner.java:78)
	at org.junit.runners.BlockJUnit4ClassRunner.runChild(BlockJUnit4ClassRunner.java:57)
	at org.junit.runners.ParentRunner$3.run(ParentRunner.java:290)
	at org.junit.runners.ParentRunner$1.schedule(ParentRunner.java:71)
	at org.junit.runners.ParentRunner.runChildren(ParentRunner.java:288)
	at org.junit.runners.ParentRunner.access$000(ParentRunner.java:58)
	at org.junit.runners.ParentRunner$2.evaluate(ParentRunner.java:268)
	at org.junit.internal.runners.statements.RunBefores.evaluate(RunBefores.java:26)
	at org.junit.internal.runners.statements.RunAfters.evaluate(RunAfters.java:27)
	at org.junit.runners.ParentRunner.run(ParentRunner.java:363)
	at org.gradle.api.internal.tasks.testing.junit.JUnitTestClassExecuter.runTestClass(JUnitTestClassExecuter.java:114)
	at org.gradle.api.internal.tasks.testing.junit.JUnitTestClassExecuter.execute(JUnitTestClassExecuter.java:57)
	at org.gradle.api.internal.tasks.testing.junit.JUnitTestClassProcessor.processTestClass(JUnitTestClassProcessor.java:66)
	at org.gradle.api.internal.tasks.testing.SuiteTestClassProcessor.processTestClass(SuiteTestClassProcessor.java:51)
	at sun.reflect.NativeMethodAccessorImpl.invoke0(Native Method)
	at sun.reflect.NativeMethodAccessorImpl.invoke(NativeMethodAccessorImpl.java:62)
	at sun.reflect.DelegatingMethodAccessorImpl.invoke(DelegatingMethodAccessorImpl.java:43)
	at java.lang.reflect.Method.invoke(Method.java:498)
	at org.gradle.internal.dispatch.ReflectionDispatch.dispatch(ReflectionDispatch.java:35)
	at org.gradle.internal.dispatch.ReflectionDispatch.dispatch(ReflectionDispatch.java:24)
	at org.gradle.internal.dispatch.ContextClassLoaderDispatch.dispatch(ContextClassLoaderDispatch.java:32)
	at org.gradle.internal.dispatch.ProxyDispatchAdapter$DispatchingInvocationHandler.invoke(ProxyDispatchAdapter.java:93)
	at com.sun.proxy.$Proxy1.processTestClass(Unknown Source)
	at org.gradle.api.internal.tasks.testing.worker.TestWorker.processTestClass(TestWorker.java:108)
	at sun.reflect.NativeMethodAccessorImpl.invoke0(Native Method)
	at sun.reflect.NativeMethodAccessorImpl.invoke(NativeMethodAccessorImpl.java:62)
	at sun.reflect.DelegatingMethodAccessorImpl.invoke(DelegatingMethodAccessorImpl.java:43)
	at java.lang.reflect.Method.invoke(Method.java:498)
	at org.gradle.internal.dispatch.ReflectionDispatch.dispatch(ReflectionDispatch.java:35)
	at org.gradle.internal.dispatch.ReflectionDispatch.dispatch(ReflectionDispatch.java:24)
	at org.gradle.internal.remote.internal.hub.MessageHubBackedObjectConnection$DispatchWrapper.dispatch(MessageHubBackedObjectConnection.java:146)
	at org.gradle.internal.remote.internal.hub.MessageHubBackedObjectConnection$DispatchWrapper.dispatch(MessageHubBackedObjectConnection.java:128)
	at org.gradle.internal.remote.internal.hub.MessageHub$Handler.run(MessageHub.java:404)
	at org.gradle.internal.concurrent.ExecutorPolicy$CatchAndRecordFailures.onExecute(ExecutorPolicy.java:63)
	at org.gradle.internal.concurrent.ManagedExecutorImpl$1.run(ManagedExecutorImpl.java:46)
	at java.util.concurrent.ThreadPoolExecutor.runWorker(ThreadPoolExecutor.java:1142)
	at java.util.concurrent.ThreadPoolExecutor$Worker.run(ThreadPoolExecutor.java:617)
	at org.gradle.internal.concurrent.ThreadFactoryImpl$ManagedThreadRunnable.run(ThreadFactoryImpl.java:55)
	at java.lang.Thread.run(Thread.java:745)
</failure>
  </testcase>
  <system-out><![CDATA[0 [Test worker] DEBUG com.acc.test.rap.RAP  - > Preconfigure logging ; /cfg/rap/log4j.properties ...
0 [Test worker] DEBUG com.acc.test.rap.RAP  - > Preconfigure logging ; /cfg/rap/log4j.properties ...
83 [Test worker] INFO com.acc.test.rap.RAP  - Oct 12, 2017 8:48:35 PM
83 [Test worker] INFO com.acc.test.rap.RAP  - Oct 12, 2017 8:48:35 PM
84 [Test worker] DEBUG com.acc.test.rap.RAP  - > init .....
84 [Test worker] DEBUG com.acc.test.rap.RAP  - > init .....
91 [Test worker] DEBUG com.acc.test.rap.RAP  - >Parsing arguments ...
91 [Test worker] DEBUG com.acc.test.rap.RAP  - >Parsing arguments ...
92 [Test worker] DEBUG com.acc.test.rap.ArgParser  - Parse arguments
92 [Test worker] DEBUG com.acc.test.rap.ArgParser  - Parse arguments
92 [Test worker] DEBUG com.acc.test.rap.ArgParser  - Extract arguments
92 [Test worker] DEBUG com.acc.test.rap.ArgParser  - Extract arguments
93 [Test worker] DEBUG com.acc.test.rap.RAP  - args are grabbed from environment
93 [Test worker] DEBUG com.acc.test.rap.RAP  - args are grabbed from environment
93 [Test worker] DEBUG com.acc.test.rap.RAP  - >Setup ......
93 [Test worker] DEBUG com.acc.test.rap.RAP  - >Setup ......
95 [Test worker] DEBUG com.acc.test.rap.RAP  - mergorder[env, app]
95 [Test worker] DEBUG com.acc.test.rap.RAP  - mergorder[env, app]
96 [Test worker] ERROR com.acc.test.rap.RAP  - *You are required to specify	ENVIORNMENT in which this app runs
96 [Test worker] ERROR com.acc.test.rap.RAP  - *You are required to specify	ENVIORNMENT in which this app runs
103 [Test worker] DEBUG com.acc.test.rap.RAP  - > Preconfigure logging ; /cfg/rap/log4j.properties ...
103 [Test worker] DEBUG com.acc.test.rap.RAP  - > Preconfigure logging ; /cfg/rap/log4j.properties ...
103 [Test worker] DEBUG com.acc.test.rap.RAP  - > Preconfigure logging ; /cfg/rap/log4j.properties ...
109 [Test worker] INFO com.acc.test.rap.RAP  - Oct 12, 2017 8:48:35 PM
109 [Test worker] INFO com.acc.test.rap.RAP  - Oct 12, 2017 8:48:35 PM
109 [Test worker] INFO com.acc.test.rap.RAP  - Oct 12, 2017 8:48:35 PM
110 [Test worker] DEBUG com.acc.test.rap.RAP  - > init .....
110 [Test worker] DEBUG com.acc.test.rap.RAP  - > init .....
110 [Test worker] DEBUG com.acc.test.rap.RAP  - > init .....
110 [Test worker] DEBUG com.acc.test.rap.RAP  - >Parsing arguments ...
110 [Test worker] DEBUG com.acc.test.rap.RAP  - >Parsing arguments ...
110 [Test worker] DEBUG com.acc.test.rap.RAP  - >Parsing arguments ...
110 [Test worker] DEBUG com.acc.test.rap.ArgParser  - Parse arguments
110 [Test worker] DEBUG com.acc.test.rap.ArgParser  - Parse arguments
110 [Test worker] DEBUG com.acc.test.rap.ArgParser  - Parse arguments
111 [Test worker] DEBUG com.acc.test.rap.ArgParser  - Extract arguments
111 [Test worker] DEBUG com.acc.test.rap.ArgParser  - Extract arguments
111 [Test worker] DEBUG com.acc.test.rap.ArgParser  - Extract arguments
111 [Test worker] DEBUG com.acc.test.rap.RAP  - args are grabbed from environment
111 [Test worker] DEBUG com.acc.test.rap.RAP  - args are grabbed from environment
111 [Test worker] DEBUG com.acc.test.rap.RAP  - args are grabbed from environment
111 [Test worker] DEBUG com.acc.test.rap.RAP  - >Setup ......
111 [Test worker] DEBUG com.acc.test.rap.RAP  - >Setup ......
111 [Test worker] DEBUG com.acc.test.rap.RAP  - >Setup ......
112 [Test worker] DEBUG com.acc.test.rap.RAP  - mergorder[env, app]
112 [Test worker] DEBUG com.acc.test.rap.RAP  - mergorder[env, app]
112 [Test worker] DEBUG com.acc.test.rap.RAP  - mergorder[env, app]
112 [Test worker] ERROR com.acc.test.rap.RAP  - *You are required to specify	ENVIORNMENT in which this app runs
112 [Test worker] ERROR com.acc.test.rap.RAP  - *You are required to specify	ENVIORNMENT in which this app runs
112 [Test worker] ERROR com.acc.test.rap.RAP  - *You are required to specify	ENVIORNMENT in which this app runs
113 [Test worker] DEBUG com.acc.test.rap.RAP  - > Preconfigure logging ; /cfg/rap/log4j.properties ...
113 [Test worker] DEBUG com.acc.test.rap.RAP  - > Preconfigure logging ; /cfg/rap/log4j.properties ...
113 [Test worker] DEBUG com.acc.test.rap.RAP  - > Preconfigure logging ; /cfg/rap/log4j.properties ...
113 [Test worker] DEBUG com.acc.test.rap.RAP  - > Preconfigure logging ; /cfg/rap/log4j.properties ...
117 [Test worker] INFO com.acc.test.rap.RAP  - Oct 12, 2017 8:48:35 PM
117 [Test worker] INFO com.acc.test.rap.RAP  - Oct 12, 2017 8:48:35 PM
117 [Test worker] INFO com.acc.test.rap.RAP  - Oct 12, 2017 8:48:35 PM
117 [Test worker] INFO com.acc.test.rap.RAP  - Oct 12, 2017 8:48:35 PM
118 [Test worker] DEBUG com.acc.test.rap.RAP  - > init .....
118 [Test worker] DEBUG com.acc.test.rap.RAP  - > init .....
118 [Test worker] DEBUG com.acc.test.rap.RAP  - > init .....
118 [Test worker] DEBUG com.acc.test.rap.RAP  - > init .....
118 [Test worker] DEBUG com.acc.test.rap.RAP  - >Parsing arguments ...
118 [Test worker] DEBUG com.acc.test.rap.RAP  - >Parsing arguments ...
118 [Test worker] DEBUG com.acc.test.rap.RAP  - >Parsing arguments ...
118 [Test worker] DEBUG com.acc.test.rap.RAP  - >Parsing arguments ...
119 [Test worker] DEBUG com.acc.test.rap.ArgParser  - Parse arguments
119 [Test worker] DEBUG com.acc.test.rap.ArgParser  - Parse arguments
119 [Test worker] DEBUG com.acc.test.rap.ArgParser  - Parse arguments
119 [Test worker] DEBUG com.acc.test.rap.ArgParser  - Parse arguments
119 [Test worker] DEBUG com.acc.test.rap.ArgParser  - Extract arguments
119 [Test worker] DEBUG com.acc.test.rap.ArgParser  - Extract arguments
119 [Test worker] DEBUG com.acc.test.rap.ArgParser  - Extract arguments
119 [Test worker] DEBUG com.acc.test.rap.ArgParser  - Extract arguments
119 [Test worker] DEBUG com.acc.test.rap.RAP  - args are grabbed from environment
119 [Test worker] DEBUG com.acc.test.rap.RAP  - args are grabbed from environment
119 [Test worker] DEBUG com.acc.test.rap.RAP  - args are grabbed from environment
119 [Test worker] DEBUG com.acc.test.rap.RAP  - args are grabbed from environment
120 [Test worker] DEBUG com.acc.test.rap.RAP  - >Setup ......
120 [Test worker] DEBUG com.acc.test.rap.RAP  - >Setup ......
120 [Test worker] DEBUG com.acc.test.rap.RAP  - >Setup ......
120 [Test worker] DEBUG com.acc.test.rap.RAP  - >Setup ......
120 [Test worker] DEBUG com.acc.test.rap.RAP  - mergorder[env, app]
120 [Test worker] DEBUG com.acc.test.rap.RAP  - mergorder[env, app]
120 [Test worker] DEBUG com.acc.test.rap.RAP  - mergorder[env, app]
120 [Test worker] DEBUG com.acc.test.rap.RAP  - mergorder[env, app]
120 [Test worker] ERROR com.acc.test.rap.RAP  - *You are required to specify	ENVIORNMENT in which this app runs
120 [Test worker] ERROR com.acc.test.rap.RAP  - *You are required to specify	ENVIORNMENT in which this app runs
120 [Test worker] ERROR com.acc.test.rap.RAP  - *You are required to specify	ENVIORNMENT in which this app runs
120 [Test worker] ERROR com.acc.test.rap.RAP  - *You are required to specify	ENVIORNMENT in which this app runs
]]></system-out>
  <system-err><![CDATA[]]></system-err>
</testsuite>
